::1 - - [11/Dec/2020:15:26:46 +0000] "GET / HTTP/1.1" 304 - "-" "Mozilla/5.0 (Windows NT 10.0; Win64; x64) AppleWebKit/537.36 (KHTML, like Gecko) Chrome/87.0.4280.88 Safari/537.36"
::1 - - [11/Dec/2020:15:27:09 +0000] "GET /google HTTP/1.1" 302 0 "-" "Mozilla/5.0 (Windows NT 10.0; Win64; x64) AppleWebKit/537.36 (KHTML, like Gecko) Chrome/87.0.4280.88 Safari/537.36"
::1 - - [11/Dec/2020:15:27:18 +0000] "GET /api/simplenims HTTP/1.1" 200 3597 "-" "Mozilla/5.0 (Windows NT 10.0; Win64; x64) AppleWebKit/537.36 (KHTML, like Gecko) Chrome/87.0.4280.88 Safari/537.36"
::1 - - [11/Dec/2020:15:27:33 +0000] "GET /api/simplenims/18218013 HTTP/1.1" 200 151 "-" "Mozilla/5.0 (Windows NT 10.0; Win64; x64) AppleWebKit/537.36 (KHTML, like Gecko) Chrome/87.0.4280.88 Safari/537.36"
::1 - - [11/Dec/2020:15:27:40 +0000] "GET /api/simplenims/18218001 HTTP/1.1" 200 152 "-" "Mozilla/5.0 (Windows NT 10.0; Win64; x64) AppleWebKit/537.36 (KHTML, like Gecko) Chrome/87.0.4280.88 Safari/537.36"
::1 - - [11/Dec/2020:15:27:45 +0000] "GET /api/simplenims/18218002 HTTP/1.1" 200 149 "-" "Mozilla/5.0 (Windows NT 10.0; Win64; x64) AppleWebKit/537.36 (KHTML, like Gecko) Chrome/87.0.4280.88 Safari/537.36"
::1 - - [11/Dec/2020:15:34:10 +0000] "POST /api/simplenims/ HTTP/1.1" 200 152 "-" "PostmanRuntime/7.26.8"
::1 - - [11/Dec/2020:15:38:38 +0000] "POST /api/simplenims/ HTTP/1.1" 200 147 "-" "PostmanRuntime/7.26.8"
::1 - - [11/Dec/2020:15:38:47 +0000] "POST /api/simplenims/ HTTP/1.1" 200 143 "-" "PostmanRuntime/7.26.8"
::1 - - [11/Dec/2020:15:39:04 +0000] "POST /api/simplenims/ HTTP/1.1" 200 146 "-" "PostmanRuntime/7.26.8"
::1 - - [11/Dec/2020:15:39:18 +0000] "POST /api/simplenims/ HTTP/1.1" 200 154 "-" "PostmanRuntime/7.26.8"
::1 - - [11/Dec/2020:15:39:38 +0000] "POST /api/simplenims/ HTTP/1.1" 200 157 "-" "PostmanRuntime/7.26.8"
::1 - - [11/Dec/2020:15:39:47 +0000] "POST /api/simplenims/ HTTP/1.1" 200 146 "-" "PostmanRuntime/7.26.8"
::1 - - [11/Dec/2020:15:40:00 +0000] "POST /api/simplenims/ HTTP/1.1" 200 155 "-" "PostmanRuntime/7.26.8"
::1 - - [11/Dec/2020:15:40:11 +0000] "POST /api/simplenims/ HTTP/1.1" 200 141 "-" "PostmanRuntime/7.26.8"
::1 - - [11/Dec/2020:15:40:24 +0000] "POST /api/simplenims/ HTTP/1.1" 200 139 "-" "PostmanRuntime/7.26.8"
::1 - - [11/Dec/2020:15:40:35 +0000] "POST /api/simplenims/ HTTP/1.1" 200 147 "-" "PostmanRuntime/7.26.8"
::1 - - [11/Dec/2020:15:40:47 +0000] "POST /api/simplenims/ HTTP/1.1" 200 156 "-" "PostmanRuntime/7.26.8"
::1 - - [11/Dec/2020:15:41:00 +0000] "POST /api/simplenims/ HTTP/1.1" 200 148 "-" "PostmanRuntime/7.26.8"
::1 - - [11/Dec/2020:15:41:29 +0000] "POST /api/simplenims/ HTTP/1.1" 200 158 "-" "PostmanRuntime/7.26.8"
::1 - - [11/Dec/2020:15:41:44 +0000] "DELETE /api/simplenims/18218040 HTTP/1.1" 200 49 "-" "PostmanRuntime/7.26.8"
::1 - - [11/Dec/2020:15:42:02 +0000] "POST /api/simplenims/18218040 HTTP/1.1" 404 163 "-" "PostmanRuntime/7.26.8"
::1 - - [11/Dec/2020:15:42:08 +0000] "POST /api/simplenims/ HTTP/1.1" 200 162 "-" "PostmanRuntime/7.26.8"
::1 - - [11/Dec/2020:15:42:19 +0000] "POST /api/simplenims/ HTTP/1.1" 200 139 "-" "PostmanRuntime/7.26.8"
::1 - - [11/Dec/2020:15:42:31 +0000] "POST /api/simplenims/ HTTP/1.1" 200 152 "-" "PostmanRuntime/7.26.8"
::1 - - [11/Dec/2020:15:42:49 +0000] "POST /api/simplenims/ HTTP/1.1" 200 147 "-" "PostmanRuntime/7.26.8"
::1 - - [11/Dec/2020:15:43:01 +0000] "POST /api/simplenims/ HTTP/1.1" 200 151 "-" "PostmanRuntime/7.26.8"
::1 - - [11/Dec/2020:15:43:21 +0000] "POST /api/simplenims/ HTTP/1.1" 200 158 "-" "PostmanRuntime/7.26.8"
::1 - - [11/Dec/2020:15:43:32 +0000] "POST /api/simplenims/ HTTP/1.1" 200 148 "-" "PostmanRuntime/7.26.8"
::1 - - [11/Dec/2020:15:43:45 +0000] "POST /api/simplenims/ HTTP/1.1" 200 157 "-" "PostmanRuntime/7.26.8"
::1 - - [11/Dec/2020:15:43:57 +0000] "POST /api/simplenims/ HTTP/1.1" 200 152 "-" "PostmanRuntime/7.26.8"
::1 - - [11/Dec/2020:15:44:10 +0000] "GET /api/simplenims/ HTTP/1.1" 200 6916 "-" "PostmanRuntime/7.26.8"
::1 - - [11/Dec/2020:15:45:36 +0000] "GET /api/simplenims/18218003 HTTP/1.1" 200 149 "-" "Mozilla/5.0 (Windows NT 10.0; Win64; x64) AppleWebKit/537.36 (KHTML, like Gecko) Chrome/87.0.4280.88 Safari/537.36"
::1 - - [11/Dec/2020:15:45:47 +0000] "GET /google/callback?code=4/0AY0e-g6JbHADqMUhKRrwSzsDAx5RZ4PH4eqCXud_aC1F2Po2yBA7LUrsxSgxgFpbT8LVyg&scope=email%20profile%20https://www.googleapis.com/auth/userinfo.profile%20https://www.googleapis.com/auth/userinfo.email%20openid&authuser=1&hd=std.stei.itb.ac.id&prompt=none HTTP/1.1" 500 1287 "-" "Mozilla/5.0 (Windows NT 10.0; Win64; x64) AppleWebKit/537.36 (KHTML, like Gecko) Chrome/87.0.4280.88 Safari/537.36"
::1 - - [11/Dec/2020:17:48:57 +0000] "GET /google HTTP/1.1" 302 0 "-" "Mozilla/5.0 (Windows NT 10.0; Win64; x64) AppleWebKit/537.36 (KHTML, like Gecko) Chrome/87.0.4280.88 Safari/537.36"
::1 - - [11/Dec/2020:17:49:01 +0000] "GET /google/callback?code=4/0AY0e-g6_Qg_KYWyFYG7NCQpc4btYplqAPpUUsQOTYXblmn0gPlkQ8jW5tu2O2wCmRHlrOA&scope=email%20profile%20https://www.googleapis.com/auth/userinfo.email%20openid%20https://www.googleapis.com/auth/userinfo.profile&authuser=1&hd=std.stei.itb.ac.id&prompt=none HTTP/1.1" 500 1287 "-" "Mozilla/5.0 (Windows NT 10.0; Win64; x64) AppleWebKit/537.36 (KHTML, like Gecko) Chrome/87.0.4280.88 Safari/537.36"
::1 - - [11/Dec/2020:18:07:33 +0000] "GET /api/simplenims/18218013 HTTP/1.1" 200 151 "-" "PostmanRuntime/7.26.8"
::1 - - [11/Dec/2020:18:08:55 +0000] "PUT /api/simplenims/18218013 HTTP/1.1" 404 162 "-" "PostmanRuntime/7.26.8"
::1 - - [12/Dec/2020:09:26:22 +0000] "GET /google/callback?code=4/0AY0e-g6JbHADqMUhKRrwSzsDAx5RZ4PH4eqCXud_aC1F2Po2yBA7LUrsxSgxgFpbT8LVyg&scope=email%20profile%20https://www.googleapis.com/auth/userinfo.profile%20https://www.googleapis.com/auth/userinfo.email%20openid&authuser=1&hd=std.stei.itb.ac.id&prompt=none HTTP/1.1" - - "-" "Mozilla/5.0 (Windows NT 10.0; Win64; x64) AppleWebKit/537.36 (KHTML, like Gecko) Chrome/87.0.4280.88 Safari/537.36"
::1 - - [12/Dec/2020:09:33:21 +0000] "GET /google HTTP/1.1" 302 0 "-" "Mozilla/5.0 (Windows NT 10.0; Win64; x64) AppleWebKit/537.36 (KHTML, like Gecko) Chrome/87.0.4280.88 Safari/537.36"
::1 - - [12/Dec/2020:09:33:41 +0000] "GET /google/callback?code=4%2F0AY0e-g7jrqoBqUEy27ZlWzyxuQl6Fd3Wf0XO9_54KpItI9GnO6zHRcRrMKmijiEYNE1n3A&scope=email+profile+https%3A%2F%2Fwww.googleapis.com%2Fauth%2Fuserinfo.profile+https%3A%2F%2Fwww.googleapis.com%2Fauth%2Fuserinfo.email+openid&authuser=1&hd=std.stei.itb.ac.id&prompt=none HTTP/1.1" 500 1287 "-" "Mozilla/5.0 (Windows NT 10.0; Win64; x64) AppleWebKit/537.36 (KHTML, like Gecko) Chrome/87.0.4280.88 Safari/537.36"
::1 - - [12/Dec/2020:10:08:00 +0000] "GET /google HTTP/1.1" 302 0 "-" "Mozilla/5.0 (Windows NT 10.0; Win64; x64) AppleWebKit/537.36 (KHTML, like Gecko) Chrome/87.0.4280.88 Safari/537.36"
::1 - - [12/Dec/2020:10:08:26 +0000] "GET /google/callback?code=4%2F0AY0e-g5L9ZJOKxwCN4NWG9H2myV3TvFisY3qRMiUvbOFJC7pLrXxHpBYx61KbJIuggDzuw&scope=email+profile+https%3A%2F%2Fwww.googleapis.com%2Fauth%2Fuserinfo.email+openid+https%3A%2F%2Fwww.googleapis.com%2Fauth%2Fuserinfo.profile&authuser=1&hd=std.stei.itb.ac.id&prompt=none HTTP/1.1" 500 1287 "-" "Mozilla/5.0 (Windows NT 10.0; Win64; x64) AppleWebKit/537.36 (KHTML, like Gecko) Chrome/87.0.4280.88 Safari/537.36"
::1 - - [12/Dec/2020:10:17:12 +0000] "GET /google HTTP/1.1" 302 0 "-" "Mozilla/5.0 (Windows NT 10.0; Win64; x64) AppleWebKit/537.36 (KHTML, like Gecko) Chrome/87.0.4280.88 Safari/537.36"
::1 - - [12/Dec/2020:10:17:43 +0000] "GET /google/callback?code=4/0AY0e-g4C_gsUGSEs14GJf3szg8p_9Dpnm15jdpjp6seSzXtDUPsdb-9g7UCxTWs1wKs72Q&scope=email%20profile%20https://www.googleapis.com/auth/userinfo.profile%20https://www.googleapis.com/auth/userinfo.email%20openid&authuser=1&hd=std.stei.itb.ac.id&prompt=none HTTP/1.1" 500 1287 "-" "Mozilla/5.0 (Windows NT 10.0; Win64; x64) AppleWebKit/537.36 (KHTML, like Gecko) Chrome/87.0.4280.88 Safari/537.36"
::1 - - [12/Dec/2020:10:18:15 +0000] "GET /google/callback?code=4%2F0AY0e-g4ZW4q0bVGTwfmQYd2dsgV249IS_ALBLl6LrASa8FmC07AcnHzXA0_yARdkevLiiA&scope=email+profile+https%3A%2F%2Fwww.googleapis.com%2Fauth%2Fuserinfo.email+openid+https%3A%2F%2Fwww.googleapis.com%2Fauth%2Fuserinfo.profile&authuser=1&hd=std.stei.itb.ac.id&prompt=none HTTP/1.1" 302 54 "-" "Mozilla/5.0 (Windows NT 10.0; Win64; x64) AppleWebKit/537.36 (KHTML, like Gecko) Chrome/87.0.4280.88 Safari/537.36"
::1 - - [12/Dec/2020:10:18:15 +0000] "GET /good HTTP/1.1" 200 17 "-" "Mozilla/5.0 (Windows NT 10.0; Win64; x64) AppleWebKit/537.36 (KHTML, like Gecko) Chrome/87.0.4280.88 Safari/537.36"
::1 - - [12/Dec/2020:10:18:15 +0000] "GET /favicon.ico HTTP/1.1" 404 150 "http://localhost:5000/good" "Mozilla/5.0 (Windows NT 10.0; Win64; x64) AppleWebKit/537.36 (KHTML, like Gecko) Chrome/87.0.4280.88 Safari/537.36"
::1 - - [12/Dec/2020:10:21:17 +0000] "GET /good HTTP/1.1" 304 - "-" "Mozilla/5.0 (Windows NT 10.0; Win64; x64) AppleWebKit/537.36 (KHTML, like Gecko) Chrome/87.0.4280.88 Safari/537.36"
::1 - - [12/Dec/2020:10:21:23 +0000] "GET /failed HTTP/1.1" 200 20 "-" "Mozilla/5.0 (Windows NT 10.0; Win64; x64) AppleWebKit/537.36 (KHTML, like Gecko) Chrome/87.0.4280.88 Safari/537.36"
::1 - - [12/Dec/2020:10:30:04 +0000] "GET / HTTP/1.1" 200 22 "-" "Mozilla/5.0 (Windows NT 10.0; Win64; x64) AppleWebKit/537.36 (KHTML, like Gecko) Chrome/87.0.4280.88 Safari/537.36"
::1 - - [12/Dec/2020:10:30:20 +0000] "GET /google HTTP/1.1" 302 0 "-" "Mozilla/5.0 (Windows NT 10.0; Win64; x64) AppleWebKit/537.36 (KHTML, like Gecko) Chrome/87.0.4280.88 Safari/537.36"
::1 - - [12/Dec/2020:10:31:33 +0000] "GET /google/callback?code=4/0AY0e-g5Q27TwkZ8Ms7WXGS33TT9eXUagUOOcUof_Us3dZ58AM0JlR2lwKgzC-BEQygyCvg&scope=email%20profile%20https://www.googleapis.com/auth/userinfo.profile%20https://www.googleapis.com/auth/userinfo.email%20openid&authuser=1&hd=std.stei.itb.ac.id&prompt=none HTTP/1.1" 302 54 "-" "Mozilla/5.0 (Windows NT 10.0; Win64; x64) AppleWebKit/537.36 (KHTML, like Gecko) Chrome/87.0.4280.88 Safari/537.36"
::1 - - [12/Dec/2020:10:31:33 +0000] "GET /good HTTP/1.1" 304 - "-" "Mozilla/5.0 (Windows NT 10.0; Win64; x64) AppleWebKit/537.36 (KHTML, like Gecko) Chrome/87.0.4280.88 Safari/537.36"
::1 - - [12/Dec/2020:10:32:40 +0000] "GET /logout HTTP/1.1" 302 46 "-" "Mozilla/5.0 (Windows NT 10.0; Win64; x64) AppleWebKit/537.36 (KHTML, like Gecko) Chrome/87.0.4280.88 Safari/537.36"
::1 - - [12/Dec/2020:10:32:40 +0000] "GET / HTTP/1.1" 304 - "-" "Mozilla/5.0 (Windows NT 10.0; Win64; x64) AppleWebKit/537.36 (KHTML, like Gecko) Chrome/87.0.4280.88 Safari/537.36"
::1 - - [12/Dec/2020:10:34:05 +0000] "GET / HTTP/1.1" 304 - "-" "Mozilla/5.0 (Windows NT 10.0; Win64; x64) AppleWebKit/537.36 (KHTML, like Gecko) Chrome/87.0.4280.88 Safari/537.36"
::1 - - [12/Dec/2020:10:34:08 +0000] "GET /google HTTP/1.1" 302 0 "-" "Mozilla/5.0 (Windows NT 10.0; Win64; x64) AppleWebKit/537.36 (KHTML, like Gecko) Chrome/87.0.4280.88 Safari/537.36"
::1 - - [12/Dec/2020:10:34:16 +0000] "GET /google/callback?code=4/0AY0e-g5NV1VGKcxjaeJDlVkar7IHMlUcg2GMLqSt59KZCOXRwIPIYoX76QlQiATkCnB65w&scope=email%20profile%20openid%20https://www.googleapis.com/auth/userinfo.profile%20https://www.googleapis.com/auth/userinfo.email&authuser=1&hd=std.stei.itb.ac.id&prompt=none HTTP/1.1" 302 54 "-" "Mozilla/5.0 (Windows NT 10.0; Win64; x64) AppleWebKit/537.36 (KHTML, like Gecko) Chrome/87.0.4280.88 Safari/537.36"
::1 - - [12/Dec/2020:10:34:16 +0000] "GET /good HTTP/1.1" 304 - "-" "Mozilla/5.0 (Windows NT 10.0; Win64; x64) AppleWebKit/537.36 (KHTML, like Gecko) Chrome/87.0.4280.88 Safari/537.36"
::1 - - [12/Dec/2020:10:34:59 +0000] "GET /google HTTP/1.1" 302 0 "-" "Mozilla/5.0 (Linux; Android 6.0; Nexus 5 Build/MRA58N) AppleWebKit/537.36 (KHTML, like Gecko) Chrome/87.0.4280.88 Mobile Safari/537.36"
::1 - - [12/Dec/2020:10:35:17 +0000] "GET /google/callback?code=4/0AY0e-g63Rx9yYfLaoQXohu9cak1KnglusVUcG2AU07BCnAWrXgZE5iejYvEPC2PzQwD0yw&scope=email%20profile%20https://www.googleapis.com/auth/userinfo.email%20openid%20https://www.googleapis.com/auth/userinfo.profile&authuser=1&hd=std.stei.itb.ac.id&prompt=none HTTP/1.1" 302 54 "-" "Mozilla/5.0 (Linux; Android 6.0; Nexus 5 Build/MRA58N) AppleWebKit/537.36 (KHTML, like Gecko) Chrome/87.0.4280.88 Mobile Safari/537.36"
::1 - - [12/Dec/2020:10:35:17 +0000] "GET /good HTTP/1.1" 304 - "-" "Mozilla/5.0 (Linux; Android 6.0; Nexus 5 Build/MRA58N) AppleWebKit/537.36 (KHTML, like Gecko) Chrome/87.0.4280.88 Mobile Safari/537.36"
::1 - - [12/Dec/2020:10:36:42 +0000] "GET /good HTTP/1.1" 304 - "-" "Mozilla/5.0 (Linux; Android 6.0; Nexus 5 Build/MRA58N) AppleWebKit/537.36 (KHTML, like Gecko) Chrome/87.0.4280.88 Mobile Safari/537.36"
::1 - - [12/Dec/2020:10:36:57 +0000] "GET /google HTTP/1.1" 302 0 "-" "Mozilla/5.0 (Linux; Android 6.0; Nexus 5 Build/MRA58N) AppleWebKit/537.36 (KHTML, like Gecko) Chrome/87.0.4280.88 Mobile Safari/537.36"
::1 - - [12/Dec/2020:10:37:27 +0000] "GET /google/callback?code=4/0AY0e-g6y5SQrmLmQnhE3e7XouQVxy71d0J7TnKiimhR3Lj1R6pcS_L4oACjyA6jcJnnA2w&scope=email%20profile%20https://www.googleapis.com/auth/userinfo.profile%20https://www.googleapis.com/auth/userinfo.email%20openid&authuser=1&hd=std.stei.itb.ac.id&prompt=none HTTP/1.1" 302 54 "-" "Mozilla/5.0 (Windows NT 10.0; Win64; x64) AppleWebKit/537.36 (KHTML, like Gecko) Chrome/87.0.4280.88 Safari/537.36"
::1 - - [12/Dec/2020:10:37:28 +0000] "GET /good HTTP/1.1" 200 31 "-" "Mozilla/5.0 (Windows NT 10.0; Win64; x64) AppleWebKit/537.36 (KHTML, like Gecko) Chrome/87.0.4280.88 Safari/537.36"
::1 - - [12/Dec/2020:10:44:21 +0000] "GET /google/callback?code=4/0AY0e-g5pdZ_Tfl82Hel0mNO467U0JE0XZHNDw5DSPeKDyONoTpZeDViOnGs-i310H_vevw&scope=email%20profile%20https://www.googleapis.com/auth/userinfo.profile%20https://www.googleapis.com/auth/userinfo.email%20openid&authuser=1&hd=std.stei.itb.ac.id&prompt=none HTTP/1.1" 302 54 "-" "Mozilla/5.0 (Linux; Android 6.0; Nexus 5 Build/MRA58N) AppleWebKit/537.36 (KHTML, like Gecko) Chrome/87.0.4280.88 Mobile Safari/537.36"
::1 - - [12/Dec/2020:10:44:22 +0000] "GET /good HTTP/1.1" 304 - "-" "Mozilla/5.0 (Linux; Android 6.0; Nexus 5 Build/MRA58N) AppleWebKit/537.36 (KHTML, like Gecko) Chrome/87.0.4280.88 Mobile Safari/537.36"
::1 - - [12/Dec/2020:10:44:39 +0000] "GET /google HTTP/1.1" 302 0 "-" "Mozilla/5.0 (Linux; Android 6.0; Nexus 5 Build/MRA58N) AppleWebKit/537.36 (KHTML, like Gecko) Chrome/87.0.4280.88 Mobile Safari/537.36"
::1 - - [12/Dec/2020:10:44:43 +0000] "GET /google/callback?code=4/0AY0e-g4-smjMrqNDl1OpzNrNdLbrO1r-cWoh_4X1ujb31TaRuLlVYrJZ4e9IaFFnU4oe7A&scope=email%20profile%20https://www.googleapis.com/auth/userinfo.email%20openid%20https://www.googleapis.com/auth/userinfo.profile&authuser=1&hd=std.stei.itb.ac.id&prompt=none HTTP/1.1" 302 54 "-" "Mozilla/5.0 (Linux; Android 6.0; Nexus 5 Build/MRA58N) AppleWebKit/537.36 (KHTML, like Gecko) Chrome/87.0.4280.88 Mobile Safari/537.36"
::1 - - [12/Dec/2020:10:44:43 +0000] "GET /good HTTP/1.1" 200 49 "-" "Mozilla/5.0 (Linux; Android 6.0; Nexus 5 Build/MRA58N) AppleWebKit/537.36 (KHTML, like Gecko) Chrome/87.0.4280.88 Mobile Safari/537.36"
::1 - - [12/Dec/2020:10:52:58 +0000] "GET /good HTTP/1.1" 304 - "-" "Mozilla/5.0 (Linux; Android 6.0; Nexus 5 Build/MRA58N) AppleWebKit/537.36 (KHTML, like Gecko) Chrome/87.0.4280.88 Mobile Safari/537.36"
::1 - - [12/Dec/2020:10:53:13 +0000] "GET /google HTTP/1.1" 302 0 "-" "Mozilla/5.0 (Linux; Android 6.0; Nexus 5 Build/MRA58N) AppleWebKit/537.36 (KHTML, like Gecko) Chrome/87.0.4280.88 Mobile Safari/537.36"
::1 - - [12/Dec/2020:10:53:16 +0000] "GET /google/callback?code=4/0AY0e-g4twkUF1xKC6PPZeNUOkzOcnLWn4QPRJ1LXEFUythX5YUoBE2zu5Fq4hrBuXHUppQ&scope=email%20profile%20https://www.googleapis.com/auth/userinfo.profile%20https://www.googleapis.com/auth/userinfo.email%20openid&authuser=1&hd=std.stei.itb.ac.id&prompt=none HTTP/1.1" 302 54 "-" "Mozilla/5.0 (Linux; Android 6.0; Nexus 5 Build/MRA58N) AppleWebKit/537.36 (KHTML, like Gecko) Chrome/87.0.4280.88 Mobile Safari/537.36"
::1 - - [12/Dec/2020:10:53:16 +0000] "GET /good HTTP/1.1" 200 35 "-" "Mozilla/5.0 (Linux; Android 6.0; Nexus 5 Build/MRA58N) AppleWebKit/537.36 (KHTML, like Gecko) Chrome/87.0.4280.88 Mobile Safari/537.36"
::1 - - [12/Dec/2020:11:51:36 +0000] "GET / HTTP/1.1" 304 - "-" "Mozilla/5.0 (Windows NT 10.0; Win64; x64) AppleWebKit/537.36 (KHTML, like Gecko) Chrome/87.0.4280.88 Safari/537.36"
::ffff:192.168.1.9 - - [12/Dec/2020:13:10:01 +0000] "GET / HTTP/1.1" 200 22 "-" "avast! Antivirus"
::1 - - [12/Dec/2020:13:46:08 +0000] "GET /google HTTP/1.1" 302 0 "http://localhost:8081/" "Mozilla/5.0 (Linux; Android 6.0; Nexus 5 Build/MRA58N) AppleWebKit/537.36 (KHTML, like Gecko) Chrome/87.0.4280.88 Mobile Safari/537.36"
::1 - - [12/Dec/2020:13:46:08 +0000] "GET /google HTTP/1.1" 302 0 "http://localhost:8081/" "Mozilla/5.0 (Linux; Android 6.0; Nexus 5 Build/MRA58N) AppleWebKit/537.36 (KHTML, like Gecko) Chrome/87.0.4280.88 Mobile Safari/537.36"
::1 - - [12/Dec/2020:13:46:08 +0000] "GET /google HTTP/1.1" 302 0 "http://localhost:8081/" "Mozilla/5.0 (Linux; Android 6.0; Nexus 5 Build/MRA58N) AppleWebKit/537.36 (KHTML, like Gecko) Chrome/87.0.4280.88 Mobile Safari/537.36"
::1 - - [12/Dec/2020:13:46:09 +0000] "GET /google HTTP/1.1" 302 0 "http://localhost:8081/" "Mozilla/5.0 (Linux; Android 6.0; Nexus 5 Build/MRA58N) AppleWebKit/537.36 (KHTML, like Gecko) Chrome/87.0.4280.88 Mobile Safari/537.36"
::1 - - [12/Dec/2020:13:46:42 +0000] "GET /google HTTP/1.1" 302 0 "http://localhost:8081/" "Mozilla/5.0 (Windows NT 10.0; Win64; x64) AppleWebKit/537.36 (KHTML, like Gecko) Chrome/87.0.4280.88 Safari/537.36"
::1 - - [12/Dec/2020:13:46:46 +0000] "GET /google/callback?code=4/0AY0e-g7wXONLg_lIWYapfzTmMymaPU0dR0BRtVXcKlqKYJJrD70QGgwDBnWx50z-C18aJg&scope=email%20profile%20https://www.googleapis.com/auth/userinfo.email%20openid%20https://www.googleapis.com/auth/userinfo.profile&authuser=1&hd=std.stei.itb.ac.id&prompt=none HTTP/1.1" 302 54 "-" "Mozilla/5.0 (Windows NT 10.0; Win64; x64) AppleWebKit/537.36 (KHTML, like Gecko) Chrome/87.0.4280.88 Safari/537.36"
::1 - - [12/Dec/2020:13:46:46 +0000] "GET /good HTTP/1.1" 304 - "-" "Mozilla/5.0 (Windows NT 10.0; Win64; x64) AppleWebKit/537.36 (KHTML, like Gecko) Chrome/87.0.4280.88 Safari/537.36"
::1 - - [12/Dec/2020:15:15:59 +0000] "GET /google HTTP/1.1" 302 0 "-" "Mozilla/5.0 (Windows NT 10.0; Win64; x64) AppleWebKit/537.36 (KHTML, like Gecko) Chrome/87.0.4280.88 Safari/537.36"
::1 - - [12/Dec/2020:15:16:17 +0000] "GET /google/callback?code=4/0AY0e-g55LUyKIk_kUNQuAjWvKTqc54S-1Jy2ckxxCDujiCfEiL76R5Byl_pU5IiQ6Ff2tA&scope=email%20profile%20https://www.googleapis.com/auth/userinfo.profile%20https://www.googleapis.com/auth/userinfo.email%20openid&authuser=1&hd=std.stei.itb.ac.id&prompt=none HTTP/1.1" 302 54 "-" "Mozilla/5.0 (Windows NT 10.0; Win64; x64) AppleWebKit/537.36 (KHTML, like Gecko) Chrome/87.0.4280.88 Safari/537.36"
::1 - - [12/Dec/2020:15:16:17 +0000] "GET /good HTTP/1.1" 304 - "-" "Mozilla/5.0 (Windows NT 10.0; Win64; x64) AppleWebKit/537.36 (KHTML, like Gecko) Chrome/87.0.4280.88 Safari/537.36"
::1 - - [12/Dec/2020:15:18:30 +0000] "GET /google/callback?code=4%2F0AY0e-g6Wxs_eYeuUw1BXGVsyHrZRUY0uiv9sCHDT4hq7Sp8AThT6nnGTS9HWGPxcO8nMBA&scope=email+profile+https%3A%2F%2Fwww.googleapis.com%2Fauth%2Fuserinfo.profile+https%3A%2F%2Fwww.googleapis.com%2Fauth%2Fuserinfo.email+openid&authuser=0&prompt=consent HTTP/1.1" 302 54 "-" "Mozilla/5.0 (Windows NT 10.0; Win64; x64) AppleWebKit/537.36 (KHTML, like Gecko) Chrome/87.0.4280.88 Safari/537.36"
::1 - - [12/Dec/2020:15:18:30 +0000] "GET /good HTTP/1.1" 200 41 "-" "Mozilla/5.0 (Windows NT 10.0; Win64; x64) AppleWebKit/537.36 (KHTML, like Gecko) Chrome/87.0.4280.88 Safari/537.36"
::1 - - [12/Dec/2020:15:19:08 +0000] "GET /google/callback?code=4/0AY0e-g5RsHfrhmp5UxNTtNEyeTqOsPOA8na2o5-E7t_pzThbSoPBWasDJJbof-_hLt-T2g&scope=email%20profile%20https://www.googleapis.com/auth/userinfo.profile%20https://www.googleapis.com/auth/userinfo.email%20openid&authuser=1&hd=std.stei.itb.ac.id&prompt=none HTTP/1.1" 302 54 "-" "Mozilla/5.0 (Windows NT 10.0; Win64; x64) AppleWebKit/537.36 (KHTML, like Gecko) Chrome/87.0.4280.88 Safari/537.36"
::1 - - [12/Dec/2020:15:19:08 +0000] "GET /good HTTP/1.1" 200 63 "-" "Mozilla/5.0 (Windows NT 10.0; Win64; x64) AppleWebKit/537.36 (KHTML, like Gecko) Chrome/87.0.4280.88 Safari/537.36"
::1 - - [12/Dec/2020:15:19:59 +0000] "GET /good HTTP/1.1" 304 - "-" "Mozilla/5.0 (Windows NT 10.0; Win64; x64) AppleWebKit/537.36 (KHTML, like Gecko) Chrome/87.0.4280.88 Safari/537.36"
::1 - - [12/Dec/2020:15:20:21 +0000] "GET /google/callback?code=4%2F0AY0e-g6NXVmyYNlH-3FUhs9E8CedtVKLoByBvYd6TLS5Aoi-AD1UImDckw5hV1D3RLDgrg&scope=email+profile+https%3A%2F%2Fwww.googleapis.com%2Fauth%2Fuserinfo.profile+https%3A%2F%2Fwww.googleapis.com%2Fauth%2Fuserinfo.email+openid&authuser=0&prompt=consent HTTP/1.1" 302 54 "-" "Mozilla/5.0 (Windows NT 10.0; Win64; x64) AppleWebKit/537.36 (KHTML, like Gecko) Chrome/87.0.4280.88 Safari/537.36"
::1 - - [12/Dec/2020:15:20:21 +0000] "GET /good HTTP/1.1" 200 69 "-" "Mozilla/5.0 (Windows NT 10.0; Win64; x64) AppleWebKit/537.36 (KHTML, like Gecko) Chrome/87.0.4280.88 Safari/537.36"
::1 - - [12/Dec/2020:15:20:44 +0000] "GET /google/callback?code=4/0AY0e-g6sSgVg3X44_wsK74iTW5eK5oyqgY81mffzuRmDsI-17igseZPXCMMFRLA6xu8dIg&scope=email%20profile%20openid%20https://www.googleapis.com/auth/userinfo.profile%20https://www.googleapis.com/auth/userinfo.email&authuser=1&hd=std.stei.itb.ac.id&prompt=none HTTP/1.1" 302 54 "-" "Mozilla/5.0 (Windows NT 10.0; Win64; x64) AppleWebKit/537.36 (KHTML, like Gecko) Chrome/87.0.4280.88 Safari/537.36"
::1 - - [12/Dec/2020:15:20:44 +0000] "GET /good HTTP/1.1" 200 70 "-" "Mozilla/5.0 (Windows NT 10.0; Win64; x64) AppleWebKit/537.36 (KHTML, like Gecko) Chrome/87.0.4280.88 Safari/537.36"
::1 - - [12/Dec/2020:15:21:48 +0000] "GET /google/callback?code=4/0AY0e-g6U887wrEdyxqqTu45hlih51NuteAhiGhMD_K5k6VEAQ-dNx29qnndTYmv2fZb9tg&scope=email%20profile%20openid%20https://www.googleapis.com/auth/userinfo.profile%20https://www.googleapis.com/auth/userinfo.email&authuser=1&hd=std.stei.itb.ac.id&prompt=none HTTP/1.1" 302 54 "-" "Mozilla/5.0 (Windows NT 10.0; Win64; x64) AppleWebKit/537.36 (KHTML, like Gecko) Chrome/87.0.4280.88 Safari/537.36"
::1 - - [12/Dec/2020:15:21:48 +0000] "GET /good HTTP/1.1" 200 65 "-" "Mozilla/5.0 (Windows NT 10.0; Win64; x64) AppleWebKit/537.36 (KHTML, like Gecko) Chrome/87.0.4280.88 Safari/537.36"
::1 - - [12/Dec/2020:15:22:38 +0000] "GET /google/callback?code=4/0AY0e-g5TvRkQa3541jOjbgFNc-KiMPW4S9Nlf9d2QOvItjq_w7LY-M4AAa3CJH1-DN2SLA&scope=email%20profile%20https://www.googleapis.com/auth/userinfo.profile%20https://www.googleapis.com/auth/userinfo.email%20openid&authuser=1&hd=std.stei.itb.ac.id&prompt=none HTTP/1.1" 302 54 "-" "Mozilla/5.0 (Windows NT 10.0; Win64; x64) AppleWebKit/537.36 (KHTML, like Gecko) Chrome/87.0.4280.88 Safari/537.36"
::1 - - [12/Dec/2020:15:22:38 +0000] "GET /good HTTP/1.1" 304 - "-" "Mozilla/5.0 (Windows NT 10.0; Win64; x64) AppleWebKit/537.36 (KHTML, like Gecko) Chrome/87.0.4280.88 Safari/537.36"
::1 - - [12/Dec/2020:15:23:49 +0000] "GET /google/callback?code=4/0AY0e-g5zBqHidoKqoPAr4WS1kplAwFZKa5C7_6GitBQjg3IGwZJ60tOa0bjxR5KKaaZ9tw&scope=email%20profile%20https://www.googleapis.com/auth/userinfo.email%20openid%20https://www.googleapis.com/auth/userinfo.profile&authuser=1&hd=std.stei.itb.ac.id&prompt=none HTTP/1.1" 302 54 "-" "Mozilla/5.0 (Windows NT 10.0; Win64; x64) AppleWebKit/537.36 (KHTML, like Gecko) Chrome/87.0.4280.88 Safari/537.36"
::1 - - [12/Dec/2020:15:23:49 +0000] "GET /good HTTP/1.1" 200 109 "-" "Mozilla/5.0 (Windows NT 10.0; Win64; x64) AppleWebKit/537.36 (KHTML, like Gecko) Chrome/87.0.4280.88 Safari/537.36"
::1 - - [12/Dec/2020:15:24:58 +0000] "GET /google/callback?code=4/0AY0e-g7oeOI6uYhkVaBfk0O-0LS1Nt4cEuF7EDTXVHFGegyWYdLyKCbkl_YDfiSHvBtIfQ&scope=email%20profile%20https://www.googleapis.com/auth/userinfo.profile%20https://www.googleapis.com/auth/userinfo.email%20openid&authuser=1&hd=std.stei.itb.ac.id&prompt=none HTTP/1.1" 302 54 "-" "Mozilla/5.0 (Windows NT 10.0; Win64; x64) AppleWebKit/537.36 (KHTML, like Gecko) Chrome/87.0.4280.88 Safari/537.36"
::1 - - [12/Dec/2020:15:24:58 +0000] "GET /good HTTP/1.1" 200 111 "-" "Mozilla/5.0 (Windows NT 10.0; Win64; x64) AppleWebKit/537.36 (KHTML, like Gecko) Chrome/87.0.4280.88 Safari/537.36"
::1 - - [12/Dec/2020:15:26:27 +0000] "GET /google/callback?code=4/0AY0e-g4n6w0YuAr1xgqRhtcb-MvWwHE4g4n9cfIat_hm5OLarz62mcdrkEula1SQUjxGBQ&scope=email%20profile%20https://www.googleapis.com/auth/userinfo.profile%20https://www.googleapis.com/auth/userinfo.email%20openid&authuser=1&hd=std.stei.itb.ac.id&prompt=none HTTP/1.1" 302 54 "-" "Mozilla/5.0 (Windows NT 10.0; Win64; x64) AppleWebKit/537.36 (KHTML, like Gecko) Chrome/87.0.4280.88 Safari/537.36"
::1 - - [12/Dec/2020:15:26:27 +0000] "GET /good HTTP/1.1" 304 - "-" "Mozilla/5.0 (Windows NT 10.0; Win64; x64) AppleWebKit/537.36 (KHTML, like Gecko) Chrome/87.0.4280.88 Safari/537.36"
::1 - - [12/Dec/2020:15:27:19 +0000] "GET /google/callback?code=4/0AY0e-g6bqRROHEfFzskWafrMYPeBEaqtpgxdBPHH21hh26lE-KQGMeMfiMwz9opXpd7qhA&scope=email%20profile%20https://www.googleapis.com/auth/userinfo.profile%20https://www.googleapis.com/auth/userinfo.email%20openid&authuser=1&hd=std.stei.itb.ac.id&prompt=none HTTP/1.1" 302 54 "-" "Mozilla/5.0 (Windows NT 10.0; Win64; x64) AppleWebKit/537.36 (KHTML, like Gecko) Chrome/87.0.4280.88 Safari/537.36"
::1 - - [12/Dec/2020:15:27:19 +0000] "GET /good HTTP/1.1" 304 - "-" "Mozilla/5.0 (Windows NT 10.0; Win64; x64) AppleWebKit/537.36 (KHTML, like Gecko) Chrome/87.0.4280.88 Safari/537.36"
::1 - - [12/Dec/2020:15:29:39 +0000] "GET /google/callback?code=4%2F0AY0e-g6CxDKrvAwYY3QSGkiG4_Iw5MidIDecVyus81eA8bjwLh14ANQu_1Gb0XAYUi2Jqw&scope=email+profile+https%3A%2F%2Fwww.googleapis.com%2Fauth%2Fuserinfo.profile+https%3A%2F%2Fwww.googleapis.com%2Fauth%2Fuserinfo.email+openid&authuser=0&prompt=consent HTTP/1.1" 302 54 "-" "Mozilla/5.0 (Windows NT 10.0; Win64; x64) AppleWebKit/537.36 (KHTML, like Gecko) Chrome/87.0.4280.88 Safari/537.36"
::1 - - [12/Dec/2020:15:29:39 +0000] "GET /good HTTP/1.1" 200 117 "-" "Mozilla/5.0 (Windows NT 10.0; Win64; x64) AppleWebKit/537.36 (KHTML, like Gecko) Chrome/87.0.4280.88 Safari/537.36"
::1 - - [12/Dec/2020:15:45:46 +0000] "GET / HTTP/1.1" 304 - "-" "Mozilla/5.0 (Windows NT 10.0; Win64; x64) AppleWebKit/537.36 (KHTML, like Gecko) Chrome/87.0.4280.88 Safari/537.36"
::1 - - [12/Dec/2020:15:46:03 +0000] "GET /google HTTP/1.1" 302 0 "-" "Mozilla/5.0 (Windows NT 10.0; Win64; x64) AppleWebKit/537.36 (KHTML, like Gecko) Chrome/87.0.4280.88 Safari/537.36"
::1 - - [12/Dec/2020:15:46:18 +0000] "GET /google/callback?code=4%2F0AY0e-g7oiMSeJ47V1H15UjxrYOQ6CYV1BboW9s1spGw2adCGlbzzQ61lO959X-nG0IMVlw&scope=email+profile+https%3A%2F%2Fwww.googleapis.com%2Fauth%2Fuserinfo.email+openid+https%3A%2F%2Fwww.googleapis.com%2Fauth%2Fuserinfo.profile&authuser=1&hd=std.stei.itb.ac.id&prompt=none HTTP/1.1" 302 54 "-" "Mozilla/5.0 (Windows NT 10.0; Win64; x64) AppleWebKit/537.36 (KHTML, like Gecko) Chrome/87.0.4280.88 Safari/537.36"
::1 - - [12/Dec/2020:15:46:18 +0000] "GET /good HTTP/1.1" 200 111 "-" "Mozilla/5.0 (Windows NT 10.0; Win64; x64) AppleWebKit/537.36 (KHTML, like Gecko) Chrome/87.0.4280.88 Safari/537.36"
::1 - - [12/Dec/2020:15:46:32 +0000] "GET /google HTTP/1.1" 302 0 "-" "Mozilla/5.0 (Windows NT 10.0; Win64; x64) AppleWebKit/537.36 (KHTML, like Gecko) Chrome/87.0.4280.88 Safari/537.36"
::1 - - [12/Dec/2020:15:46:44 +0000] "GET /google/callback?code=4%2F0AY0e-g4QhrtC0_s_TuwWJ2dnhwJNtX5B0fbl16hLJMsEYFnbd9tA8Qq6zf3KRRT8j5QBjA&scope=email+profile+https%3A%2F%2Fwww.googleapis.com%2Fauth%2Fuserinfo.profile+https%3A%2F%2Fwww.googleapis.com%2Fauth%2Fuserinfo.email+openid&authuser=1&hd=std.stei.itb.ac.id&prompt=none HTTP/1.1" 302 54 "-" "Mozilla/5.0 (Windows NT 10.0; Win64; x64) AppleWebKit/537.36 (KHTML, like Gecko) Chrome/87.0.4280.88 Safari/537.36"
::1 - - [12/Dec/2020:15:46:44 +0000] "GET /good HTTP/1.1" 304 - "-" "Mozilla/5.0 (Windows NT 10.0; Win64; x64) AppleWebKit/537.36 (KHTML, like Gecko) Chrome/87.0.4280.88 Safari/537.36"
::1 - - [12/Dec/2020:15:47:01 +0000] "GET /google/callback?code=4%2F0AY0e-g7om3FppOQi8xxbFgd1SSNyOqbHI0tsVTitk_Ao9PXG7tt2_PAezfffjnS71JWxrA&scope=email+profile+openid+https%3A%2F%2Fwww.googleapis.com%2Fauth%2Fuserinfo.profile+https%3A%2F%2Fwww.googleapis.com%2Fauth%2Fuserinfo.email&authuser=1&hd=std.stei.itb.ac.id&prompt=none HTTP/1.1" 302 54 "-" "Mozilla/5.0 (Windows NT 10.0; Win64; x64) AppleWebKit/537.36 (KHTML, like Gecko) Chrome/87.0.4280.88 Safari/537.36"
::1 - - [12/Dec/2020:15:47:01 +0000] "GET /good HTTP/1.1" 304 - "-" "Mozilla/5.0 (Windows NT 10.0; Win64; x64) AppleWebKit/537.36 (KHTML, like Gecko) Chrome/87.0.4280.88 Safari/537.36"
::1 - - [12/Dec/2020:15:47:37 +0000] "GET /google.com HTTP/1.1" 404 149 "-" "Mozilla/5.0 (Windows NT 10.0; Win64; x64) AppleWebKit/537.36 (KHTML, like Gecko) Chrome/87.0.4280.88 Safari/537.36"
::1 - - [12/Dec/2020:15:47:40 +0000] "GET /google HTTP/1.1" 302 0 "-" "Mozilla/5.0 (Windows NT 10.0; Win64; x64) AppleWebKit/537.36 (KHTML, like Gecko) Chrome/87.0.4280.88 Safari/537.36"
::1 - - [12/Dec/2020:15:47:53 +0000] "GET /google/callback?code=4/0AY0e-g5YkA4RoO94Wn8FPT9LLJCeLBqcc68sd9ouyQ_91nk5YbXWJ8n_atzPpcrt1Z6Iyg&scope=email%20profile%20openid%20https://www.googleapis.com/auth/userinfo.profile%20https://www.googleapis.com/auth/userinfo.email&authuser=1&hd=std.stei.itb.ac.id&prompt=none HTTP/1.1" 302 54 "-" "Mozilla/5.0 (Windows NT 10.0; Win64; x64) AppleWebKit/537.36 (KHTML, like Gecko) Chrome/87.0.4280.88 Safari/537.36"
::1 - - [12/Dec/2020:15:47:53 +0000] "GET /good HTTP/1.1" 304 - "-" "Mozilla/5.0 (Windows NT 10.0; Win64; x64) AppleWebKit/537.36 (KHTML, like Gecko) Chrome/87.0.4280.88 Safari/537.36"
::1 - - [12/Dec/2020:15:48:26 +0000] "GET /google/callback?code=4%2F0AY0e-g5rf3FXzwfHXXiEmsclffEtHsOcPftKn5hgZAqkFw1jjheg0dM4kRKH6DmddEW9Jw&scope=email+profile+https%3A%2F%2Fwww.googleapis.com%2Fauth%2Fuserinfo.email+openid+https%3A%2F%2Fwww.googleapis.com%2Fauth%2Fuserinfo.profile&authuser=1&hd=std.stei.itb.ac.id&prompt=none HTTP/1.1" 302 54 "-" "Mozilla/5.0 (Windows NT 10.0; Win64; x64) AppleWebKit/537.36 (KHTML, like Gecko) Chrome/87.0.4280.88 Safari/537.36"
::1 - - [12/Dec/2020:15:48:26 +0000] "GET /good HTTP/1.1" 302 90 "-" "Mozilla/5.0 (Windows NT 10.0; Win64; x64) AppleWebKit/537.36 (KHTML, like Gecko) Chrome/87.0.4280.88 Safari/537.36"
::1 - - [12/Dec/2020:15:49:04 +0000] "GET /google/callback?code=4%2F0AY0e-g4_kj9DVytn1_XvHeeFm6m0ykQvLwBv5JxZijyfs14F9wvIzM3x5Pv_GlPmsF2E7A&scope=email+profile+https%3A%2F%2Fwww.googleapis.com%2Fauth%2Fuserinfo.email+openid+https%3A%2F%2Fwww.googleapis.com%2Fauth%2Fuserinfo.profile&authuser=1&hd=std.stei.itb.ac.id&prompt=none HTTP/1.1" - - "-" "Mozilla/5.0 (Windows NT 10.0; Win64; x64) AppleWebKit/537.36 (KHTML, like Gecko) Chrome/87.0.4280.88 Safari/537.36"
::ffff:127.0.0.1 - - [12/Dec/2020:15:49:09 +0000] "GET /google HTTP/1.1" 302 0 "-" "Mozilla/5.0 (Windows NT 10.0; Win64; x64) AppleWebKit/537.36 (KHTML, like Gecko) Chrome/87.0.4280.88 Safari/537.36"
::ffff:127.0.0.1 - - [12/Dec/2020:15:49:18 +0000] "GET /google/callback?code=4/0AY0e-g4j0dAL7Shxtd0TSxILqPShGCHKXqdTM2OzvMKdavLGFU_UyqUlSPFRy7XeLSdJag&scope=email%20profile%20https://www.googleapis.com/auth/userinfo.profile%20https://www.googleapis.com/auth/userinfo.email%20openid&authuser=1&hd=std.stei.itb.ac.id&prompt=none HTTP/1.1" 302 54 "-" "Mozilla/5.0 (Windows NT 10.0; Win64; x64) AppleWebKit/537.36 (KHTML, like Gecko) Chrome/87.0.4280.88 Safari/537.36"
::ffff:127.0.0.1 - - [12/Dec/2020:15:49:18 +0000] "GET /good HTTP/1.1" 302 88 "-" "Mozilla/5.0 (Windows NT 10.0; Win64; x64) AppleWebKit/537.36 (KHTML, like Gecko) Chrome/87.0.4280.88 Safari/537.36"
::1 - - [12/Dec/2020:15:50:02 +0000] "GET /google HTTP/1.1" 302 0 "http://localhost:8081/" "Mozilla/5.0 (Windows NT 10.0; Win64; x64) AppleWebKit/537.36 (KHTML, like Gecko) Chrome/87.0.4280.88 Safari/537.36"
::1 - - [12/Dec/2020:15:50:14 +0000] "GET /google/callback?code=4/0AY0e-g7m8o9eXQjsnD7_S1Kj7bIRV9kXm51XmME-G9Y1AmD984kmL1UYdMo_z6yC7DbqVA&scope=email%20profile%20https://www.googleapis.com/auth/userinfo.profile%20https://www.googleapis.com/auth/userinfo.email%20openid&authuser=1&hd=std.stei.itb.ac.id&prompt=none HTTP/1.1" 302 54 "-" "Mozilla/5.0 (Windows NT 10.0; Win64; x64) AppleWebKit/537.36 (KHTML, like Gecko) Chrome/87.0.4280.88 Safari/537.36"
::1 - - [12/Dec/2020:15:50:14 +0000] "GET /good HTTP/1.1" 302 88 "-" "Mozilla/5.0 (Windows NT 10.0; Win64; x64) AppleWebKit/537.36 (KHTML, like Gecko) Chrome/87.0.4280.88 Safari/537.36"
::1 - - [12/Dec/2020:15:53:08 +0000] "GET /google HTTP/1.1" 302 0 "-" "Mozilla/5.0 (Windows NT 10.0; Win64; x64) AppleWebKit/537.36 (KHTML, like Gecko) Chrome/87.0.4280.88 Safari/537.36"
::1 - - [12/Dec/2020:15:53:22 +0000] "GET /google/callback?code=4/0AY0e-g78odR8lB0uHdGbCvxWa2ssrodJKGud44ymql6GkO4RFNYQDYUudDzUDUDAi-T_QQ&scope=email%20profile%20https://www.googleapis.com/auth/userinfo.profile%20https://www.googleapis.com/auth/userinfo.email%20openid&authuser=1&hd=std.stei.itb.ac.id&prompt=none HTTP/1.1" 302 54 "-" "Mozilla/5.0 (Windows NT 10.0; Win64; x64) AppleWebKit/537.36 (KHTML, like Gecko) Chrome/87.0.4280.88 Safari/537.36"
::1 - - [12/Dec/2020:15:53:23 +0000] "GET /good HTTP/1.1" 200 101 "-" "Mozilla/5.0 (Windows NT 10.0; Win64; x64) AppleWebKit/537.36 (KHTML, like Gecko) Chrome/87.0.4280.88 Safari/537.36"
::1 - - [12/Dec/2020:16:58:35 +0000] "GET / HTTP/1.1" 304 - "-" "Mozilla/5.0 (Windows NT 10.0; Win64; x64) AppleWebKit/537.36 (KHTML, like Gecko) Chrome/87.0.4280.88 Safari/537.36"
::1 - - [12/Dec/2020:16:59:14 +0000] "GET /google HTTP/1.1" 302 0 "-" "Mozilla/5.0 (Windows NT 10.0; Win64; x64) AppleWebKit/537.36 (KHTML, like Gecko) Chrome/87.0.4280.88 Safari/537.36"
::1 - - [12/Dec/2020:16:59:17 +0000] "GET /google/callback?code=4/0AY0e-g6y9zFXhipYBkv48nDf-mTAUix4c4FqxZrC69gAMgiN_EWXiCz_e_VyDCHOG-eRng&scope=email%20profile%20https://www.googleapis.com/auth/userinfo.profile%20https://www.googleapis.com/auth/userinfo.email%20openid&authuser=1&hd=std.stei.itb.ac.id&prompt=none HTTP/1.1" 302 54 "-" "Mozilla/5.0 (Windows NT 10.0; Win64; x64) AppleWebKit/537.36 (KHTML, like Gecko) Chrome/87.0.4280.88 Safari/537.36"
::1 - - [12/Dec/2020:16:59:17 +0000] "GET /good HTTP/1.1" 304 - "-" "Mozilla/5.0 (Windows NT 10.0; Win64; x64) AppleWebKit/537.36 (KHTML, like Gecko) Chrome/87.0.4280.88 Safari/537.36"
::1 - - [12/Dec/2020:17:01:31 +0000] "GET /google HTTP/1.1" 302 0 "-" "Mozilla/5.0 (Windows NT 10.0; Win64; x64) AppleWebKit/537.36 (KHTML, like Gecko) Chrome/87.0.4280.88 Safari/537.36"
::1 - - [12/Dec/2020:17:01:35 +0000] "GET /google/callback?code=4/0AY0e-g6DcyIUWNTMS1FBqRHJckaRCKV4JBxeq58GU1_0SAlSEY29zXg5wXPLamu730v-4w&scope=email%20profile%20https://www.googleapis.com/auth/userinfo.profile%20https://www.googleapis.com/auth/userinfo.email%20openid&authuser=1&hd=std.stei.itb.ac.id&prompt=none HTTP/1.1" 302 54 "-" "Mozilla/5.0 (Windows NT 10.0; Win64; x64) AppleWebKit/537.36 (KHTML, like Gecko) Chrome/87.0.4280.88 Safari/537.36"
::1 - - [12/Dec/2020:17:01:35 +0000] "GET /good HTTP/1.1" 500 1688 "-" "Mozilla/5.0 (Windows NT 10.0; Win64; x64) AppleWebKit/537.36 (KHTML, like Gecko) Chrome/87.0.4280.88 Safari/537.36"
::1 - - [12/Dec/2020:17:03:48 +0000] "GET /google HTTP/1.1" 302 0 "-" "Mozilla/5.0 (Windows NT 10.0; Win64; x64) AppleWebKit/537.36 (KHTML, like Gecko) Chrome/87.0.4280.88 Safari/537.36"
::1 - - [12/Dec/2020:17:03:52 +0000] "GET /google/callback?code=4/0AY0e-g7IdbtP9FTHWvJZ54PQPvI2lopoO9z2Nh4aJacGV0aJiMZ84xk3cviqckY45pOAKQ&scope=email%20profile%20openid%20https://www.googleapis.com/auth/userinfo.profile%20https://www.googleapis.com/auth/userinfo.email&authuser=1&hd=std.stei.itb.ac.id&prompt=none HTTP/1.1" 302 54 "-" "Mozilla/5.0 (Windows NT 10.0; Win64; x64) AppleWebKit/537.36 (KHTML, like Gecko) Chrome/87.0.4280.88 Safari/537.36"
::1 - - [12/Dec/2020:17:03:52 +0000] "GET /good HTTP/1.1" Welcome Hollyana Puteri Haryono ! (email: 18218013@std.stei.itb.ac.id )    

Redirecting to Home Page  88 "-" "Mozilla/5.0 (Windows NT 10.0; Win64; x64) AppleWebKit/537.36 (KHTML, like Gecko) Chrome/87.0.4280.88 Safari/537.36"
::1 - - [12/Dec/2020:17:03:55 +0000] "GET /google HTTP/1.1" 302 0 "http://localhost:8081/" "Mozilla/5.0 (Windows NT 10.0; Win64; x64) AppleWebKit/537.36 (KHTML, like Gecko) Chrome/87.0.4280.88 Safari/537.36"
::1 - - [12/Dec/2020:17:03:58 +0000] "GET /google/callback?code=4/0AY0e-g7lIGY11_0KBVoSr7CRy1EvIqP4IKqMpBH3q7AK82Q_ZaLXeJBMTKJn0AdUdsYhLQ&scope=email%20profile%20https://www.googleapis.com/auth/userinfo.email%20openid%20https://www.googleapis.com/auth/userinfo.profile&authuser=1&hd=std.stei.itb.ac.id&prompt=none HTTP/1.1" 302 54 "-" "Mozilla/5.0 (Windows NT 10.0; Win64; x64) AppleWebKit/537.36 (KHTML, like Gecko) Chrome/87.0.4280.88 Safari/537.36"
::1 - - [12/Dec/2020:17:03:58 +0000] "GET /good HTTP/1.1" Welcome Hollyana Puteri Haryono ! (email: 18218013@std.stei.itb.ac.id )    

Redirecting to Home Page  88 "-" "Mozilla/5.0 (Windows NT 10.0; Win64; x64) AppleWebKit/537.36 (KHTML, like Gecko) Chrome/87.0.4280.88 Safari/537.36"
::1 - - [12/Dec/2020:18:00:05 +0000] "POST /api/simplenims/ HTTP/1.1" 200 147 "-" "PostmanRuntime/7.26.8"
::1 - - [12/Dec/2020:18:00:33 +0000] "POST /api/simplenims/ HTTP/1.1" 200 149 "-" "PostmanRuntime/7.26.8"
::1 - - [12/Dec/2020:18:01:10 +0000] "POST /api/simplenims/ HTTP/1.1" 200 148 "-" "PostmanRuntime/7.26.8"
::1 - - [12/Dec/2020:18:03:27 +0000] "GET /api/simplenims/ HTTP/1.1" 200 7363 "-" "PostmanRuntime/7.26.8"
::1 - - [12/Dec/2020:18:03:37 +0000] "POST /api/simplenims/ HTTP/1.1" 200 143 "-" "PostmanRuntime/7.26.8"
::1 - - [12/Dec/2020:18:43:06 +0000] "GET /google/callback?code=4/0AY0e-g7l5jG_NKQ5h5XnHNKkjPPDG8s6Vo7Kl_KLJVmVBYDz9vcIpE71SQrjGbdmcDdYTg&scope=email%20profile%20openid%20https://www.googleapis.com/auth/userinfo.profile%20https://www.googleapis.com/auth/userinfo.email&authuser=1&hd=std.stei.itb.ac.id&prompt=none HTTP/1.1" 302 54 "-" "Mozilla/5.0 (Windows NT 10.0; Win64; x64) AppleWebKit/537.36 (KHTML, like Gecko) Chrome/87.0.4280.88 Safari/537.36"
::1 - - [12/Dec/2020:18:43:06 +0000] "GET /good HTTP/1.1" 500 1688 "-" "Mozilla/5.0 (Windows NT 10.0; Win64; x64) AppleWebKit/537.36 (KHTML, like Gecko) Chrome/87.0.4280.88 Safari/537.36"
::1 - - [12/Dec/2020:19:01:24 +0000] "GET /google HTTP/1.1" 302 0 "-" "Mozilla/5.0 (Windows NT 10.0; Win64; x64) AppleWebKit/537.36 (KHTML, like Gecko) Chrome/87.0.4280.88 Safari/537.36"
::1 - - [12/Dec/2020:19:01:31 +0000] "GET /google/callback?code=4/0AY0e-g5wNfyKcdUrSAvCQGr6N8pSUuY85s18mMIQTD55xuK47s34dRRHXKcisdWgXcgWaQ&scope=email%20profile%20https://www.googleapis.com/auth/userinfo.profile%20https://www.googleapis.com/auth/userinfo.email%20openid&authuser=1&hd=std.stei.itb.ac.id&prompt=none HTTP/1.1" 302 54 "-" "Mozilla/5.0 (Windows NT 10.0; Win64; x64) AppleWebKit/537.36 (KHTML, like Gecko) Chrome/87.0.4280.88 Safari/537.36"
::1 - - [12/Dec/2020:19:01:31 +0000] "GET /good HTTP/1.1" 200 126 "-" "Mozilla/5.0 (Windows NT 10.0; Win64; x64) AppleWebKit/537.36 (KHTML, like Gecko) Chrome/87.0.4280.88 Safari/537.36"
::1 - - [12/Dec/2020:19:02:40 +0000] "GET /google/callback?code=4/0AY0e-g7jiB4njnlksh6nQdqtj1b2vCt9Ypv41e7iaBjPVNJ93Py1Rft7IgBYq1ogfYInIg&scope=email%20profile%20https://www.googleapis.com/auth/userinfo.email%20openid%20https://www.googleapis.com/auth/userinfo.profile&authuser=1&hd=std.stei.itb.ac.id&prompt=none HTTP/1.1" 302 54 "-" "Mozilla/5.0 (Windows NT 10.0; Win64; x64) AppleWebKit/537.36 (KHTML, like Gecko) Chrome/87.0.4280.88 Safari/537.36"
::1 - - [12/Dec/2020:19:02:40 +0000] "GET /good HTTP/1.1" 304 - "-" "Mozilla/5.0 (Windows NT 10.0; Win64; x64) AppleWebKit/537.36 (KHTML, like Gecko) Chrome/87.0.4280.88 Safari/537.36"
::1 - - [12/Dec/2020:19:03:55 +0000] "GET /api/simplenims/18218011 HTTP/1.1" 200 143 "http://localhost:8081/" "Mozilla/5.0 (Windows NT 10.0; Win64; x64) AppleWebKit/537.36 (KHTML, like Gecko) Chrome/87.0.4280.88 Safari/537.36"
::1 - - [12/Dec/2020:19:03:59 +0000] "GET /api/simplenims/18218014 HTTP/1.1" 200 154 "http://localhost:8081/" "Mozilla/5.0 (Windows NT 10.0; Win64; x64) AppleWebKit/537.36 (KHTML, like Gecko) Chrome/87.0.4280.88 Safari/537.36"
::1 - - [12/Dec/2020:19:04:20 +0000] "OPTIONS /api/simplenims/ HTTP/1.1" 204 0 "http://localhost:8081/" "Mozilla/5.0 (Windows NT 10.0; Win64; x64) AppleWebKit/537.36 (KHTML, like Gecko) Chrome/87.0.4280.88 Safari/537.36"
::1 - - [12/Dec/2020:19:04:20 +0000] "POST /api/simplenims/ HTTP/1.1" 400 39 "http://localhost:8081/" "Mozilla/5.0 (Windows NT 10.0; Win64; x64) AppleWebKit/537.36 (KHTML, like Gecko) Chrome/87.0.4280.88 Safari/537.36"
::1 - - [12/Dec/2020:19:05:02 +0000] "GET /google/callback?code=4/0AY0e-g7WmgEaxxSmG8_EPr0FkDkcGV8gERDus-1FMTBtnGfJMyvwP1C1FebgTz21nYm1dg&scope=email%20profile%20https://www.googleapis.com/auth/userinfo.profile%20https://www.googleapis.com/auth/userinfo.email%20openid&authuser=1&hd=std.stei.itb.ac.id&prompt=none HTTP/1.1" 302 54 "-" "Mozilla/5.0 (Windows NT 10.0; Win64; x64) AppleWebKit/537.36 (KHTML, like Gecko) Chrome/87.0.4280.88 Safari/537.36"
::1 - - [12/Dec/2020:19:05:02 +0000] "GET /good HTTP/1.1" 304 - "-" "Mozilla/5.0 (Windows NT 10.0; Win64; x64) AppleWebKit/537.36 (KHTML, like Gecko) Chrome/87.0.4280.88 Safari/537.36"
::1 - - [12/Dec/2020:19:05:36 +0000] "GET /google/callback?code=4%2F0AY0e-g55U015fXcONVoaOL86rvRtDfvzJXSgQ4Xk1fdc3P9oAmhX_EUr2w-xzvm3sfUvug&scope=email+profile+https%3A%2F%2Fwww.googleapis.com%2Fauth%2Fuserinfo.profile+https%3A%2F%2Fwww.googleapis.com%2Fauth%2Fuserinfo.email+openid&authuser=0&prompt=consent HTTP/1.1" 302 54 "-" "Mozilla/5.0 (Windows NT 10.0; Win64; x64) AppleWebKit/537.36 (KHTML, like Gecko) Chrome/87.0.4280.88 Safari/537.36"
::1 - - [12/Dec/2020:19:05:36 +0000] "GET /good HTTP/1.1" 200 132 "-" "Mozilla/5.0 (Windows NT 10.0; Win64; x64) AppleWebKit/537.36 (KHTML, like Gecko) Chrome/87.0.4280.88 Safari/537.36"
::1 - - [12/Dec/2020:19:06:16 +0000] "GET /google/callback?code=4/0AY0e-g6QbIO3CnbsNOk3fv9pE-AYxiHGr6vy0bubSoWG5Nt0yWOXWGFnIKhFmQ6KpmhsAA&scope=email%20profile%20openid%20https://www.googleapis.com/auth/userinfo.profile%20https://www.googleapis.com/auth/userinfo.email&authuser=1&hd=std.stei.itb.ac.id&prompt=none HTTP/1.1" 302 54 "-" "Mozilla/5.0 (Windows NT 10.0; Win64; x64) AppleWebKit/537.36 (KHTML, like Gecko) Chrome/87.0.4280.88 Safari/537.36"
::1 - - [12/Dec/2020:19:06:16 +0000] "GET /good HTTP/1.1" 200 126 "-" "Mozilla/5.0 (Windows NT 10.0; Win64; x64) AppleWebKit/537.36 (KHTML, like Gecko) Chrome/87.0.4280.88 Safari/537.36"
::1 - - [12/Dec/2020:19:07:11 +0000] "GET /google/callback?code=4%2F0AY0e-g7E4ojzHKdQd0gNY-jaVQ9zq0gvRFE1OnguQQznTIDeCIkuGajQYxAecRnXHDMdRw&scope=email+profile+https%3A%2F%2Fwww.googleapis.com%2Fauth%2Fuserinfo.profile+https%3A%2F%2Fwww.googleapis.com%2Fauth%2Fuserinfo.email+openid&authuser=0&prompt=consent HTTP/1.1" 302 54 "-" "Mozilla/5.0 (Windows NT 10.0; Win64; x64) AppleWebKit/537.36 (KHTML, like Gecko) Chrome/87.0.4280.88 Safari/537.36"
::1 - - [12/Dec/2020:19:07:11 +0000] "GET /good HTTP/1.1" 200 132 "-" "Mozilla/5.0 (Windows NT 10.0; Win64; x64) AppleWebKit/537.36 (KHTML, like Gecko) Chrome/87.0.4280.88 Safari/537.36"
::1 - - [12/Dec/2020:19:08:33 +0000] "GET /google/callback?code=4/0AY0e-g5wKdMffJUzdgzP-5XrnQdNryC5r6F_YwXwsKE0Ny9LKLTdvwz362ntKA2lRc2hnw&scope=email%20profile%20https://www.googleapis.com/auth/userinfo.profile%20https://www.googleapis.com/auth/userinfo.email%20openid&authuser=1&hd=std.stei.itb.ac.id&prompt=none HTTP/1.1" 302 54 "-" "Mozilla/5.0 (Windows NT 10.0; Win64; x64) AppleWebKit/537.36 (KHTML, like Gecko) Chrome/87.0.4280.88 Safari/537.36"
::1 - - [12/Dec/2020:19:08:33 +0000] "GET /good HTTP/1.1" 200 178 "-" "Mozilla/5.0 (Windows NT 10.0; Win64; x64) AppleWebKit/537.36 (KHTML, like Gecko) Chrome/87.0.4280.88 Safari/537.36"
::1 - - [12/Dec/2020:19:10:25 +0000] "GET /google/callback?code=4/0AY0e-g7MIGDLetPEUR9fuzodjoCSAa1Jj44yF1GPtYYxlOXTSj2szeEyK4mVzHOIitvr9w&scope=email%20profile%20https://www.googleapis.com/auth/userinfo.profile%20https://www.googleapis.com/auth/userinfo.email%20openid&authuser=1&hd=std.stei.itb.ac.id&prompt=none HTTP/1.1" 302 54 "-" "Mozilla/5.0 (Windows NT 10.0; Win64; x64) AppleWebKit/537.36 (KHTML, like Gecko) Chrome/87.0.4280.88 Safari/537.36"
::1 - - [12/Dec/2020:19:10:25 +0000] "GET /good HTTP/1.1" 500 1562 "-" "Mozilla/5.0 (Windows NT 10.0; Win64; x64) AppleWebKit/537.36 (KHTML, like Gecko) Chrome/87.0.4280.88 Safari/537.36"
::1 - - [12/Dec/2020:19:11:55 +0000] "GET /google/callback?code=4/0AY0e-g6HhuEm2YDIW-ubcyTOF46uQ6kH7gUTOYZi5ORXR0-ddFSj92Qbumsu7dksEbMTQA&scope=email%20profile%20https://www.googleapis.com/auth/userinfo.profile%20https://www.googleapis.com/auth/userinfo.email%20openid&authuser=1&hd=std.stei.itb.ac.id&prompt=none HTTP/1.1" 302 54 "-" "Mozilla/5.0 (Windows NT 10.0; Win64; x64) AppleWebKit/537.36 (KHTML, like Gecko) Chrome/87.0.4280.88 Safari/537.36"
::1 - - [12/Dec/2020:19:11:55 +0000] "GET /good HTTP/1.1" 302 88 "-" "Mozilla/5.0 (Windows NT 10.0; Win64; x64) AppleWebKit/537.36 (KHTML, like Gecko) Chrome/87.0.4280.88 Safari/537.36"
::1 - - [12/Dec/2020:20:51:12 +0000] "GET /api/simplenims/ HTTP/1.1" 200 7507 "-" "PostmanRuntime/7.26.8"
::1 - - [12/Dec/2020:20:51:55 +0000] "GET /api/simplenims/ HTTP/1.1" 200 7507 "-" "PostmanRuntime/7.26.8"
::1 - - [12/Dec/2020:20:52:40 +0000] "GET /api/simplenims/ HTTP/1.1" 200 7507 "-" "PostmanRuntime/7.26.8"
::1 - - [12/Dec/2020:20:52:50 +0000] "GET /api/simplenims/18218017 HTTP/1.1" 200 148 "-" "PostmanRuntime/7.26.8"
::1 - - [12/Dec/2020:20:54:36 +0000] "GET /api/simplenims/ HTTP/1.1" 200 7507 "-" "PostmanRuntime/7.26.8"
::1 - - [12/Dec/2020:20:54:44 +0000] "POST /api/simplenims/ HTTP/1.1" 200 144 "-" "PostmanRuntime/7.26.8"
::1 - - [12/Dec/2020:20:55:29 +0000] "DELETE /api/simplenims/18218099 HTTP/1.1" 200 49 "-" "PostmanRuntime/7.26.8"
::1 - - [12/Dec/2020:21:02:05 +0000] "GET /google HTTP/1.1" 302 0 "-" "PostmanRuntime/7.26.8"
::1 - - [12/Dec/2020:21:04:44 +0000] "GET /google/callback HTTP/1.1" 302 0 "-" "PostmanRuntime/7.26.8"
::1 - - [12/Dec/2020:21:05:30 +0000] "GET /good HTTP/1.1" 401 12 "-" "PostmanRuntime/7.26.8"
::1 - - [12/Dec/2020:21:05:40 +0000] "GET /failed HTTP/1.1" 200 20 "-" "PostmanRuntime/7.26.8"
::1 - - [14/Dec/2020:00:34:53 +0000] "GET /google HTTP/1.1" 302 0 "-" "Mozilla/5.0 (Windows NT 10.0; Win64; x64) AppleWebKit/537.36 (KHTML, like Gecko) Chrome/87.0.4280.88 Safari/537.36"
::1 - - [14/Dec/2020:00:45:32 +0000] "GET /google/callback?code=4/0AY0e-g6fWihfFhbJNT39ty4sKwn148rPXLTfD3pKEsOptA0EVFqc4sxucICznvKNb2yEEA&scope=email%20profile%20openid%20https://www.googleapis.com/auth/userinfo.email%20https://www.googleapis.com/auth/userinfo.profile&authuser=1&hd=std.stei.itb.ac.id&prompt=none HTTP/1.1" 302 54 "-" "Mozilla/5.0 (Windows NT 10.0; Win64; x64) AppleWebKit/537.36 (KHTML, like Gecko) Chrome/87.0.4280.88 Safari/537.36"
::1 - - [14/Dec/2020:00:45:32 +0000] "GET /good HTTP/1.1" 302 88 "-" "Mozilla/5.0 (Windows NT 10.0; Win64; x64) AppleWebKit/537.36 (KHTML, like Gecko) Chrome/87.0.4280.88 Safari/537.36"
::1 - - [14/Dec/2020:08:07:55 +0000] "POST /api/simplenims/ HTTP/1.1" 200 152 "-" "PostmanRuntime/7.26.8"
::1 - - [14/Dec/2020:08:12:28 +0000] "POST /api/simplenims/ HTTP/1.1" 200 149 "-" "PostmanRuntime/7.26.8"
::1 - - [14/Dec/2020:08:12:48 +0000] "POST /api/simplenims/ HTTP/1.1" 200 149 "-" "PostmanRuntime/7.26.8"
::1 - - [14/Dec/2020:08:13:07 +0000] "POST /api/simplenims/ HTTP/1.1" 200 151 "-" "PostmanRuntime/7.26.8"
::1 - - [14/Dec/2020:08:13:14 +0000] "POST /api/simplenims/ HTTP/1.1" 200 144 "-" "PostmanRuntime/7.26.8"
::1 - - [14/Dec/2020:08:13:24 +0000] "POST /api/simplenims/ HTTP/1.1" 200 146 "-" "PostmanRuntime/7.26.8"
::1 - - [14/Dec/2020:08:13:41 +0000] "POST /api/simplenims/ HTTP/1.1" 200 151 "-" "PostmanRuntime/7.26.8"
::1 - - [14/Dec/2020:08:13:49 +0000] "POST /api/simplenims/ HTTP/1.1" 200 145 "-" "PostmanRuntime/7.26.8"
::1 - - [14/Dec/2020:08:14:05 +0000] "POST /api/simplenims/ HTTP/1.1" 200 137 "-" "PostmanRuntime/7.26.8"
::1 - - [14/Dec/2020:08:14:11 +0000] "POST /api/simplenims/ HTTP/1.1" 200 151 "-" "PostmanRuntime/7.26.8"
::1 - - [14/Dec/2020:08:14:20 +0000] "POST /api/simplenims/ HTTP/1.1" 200 143 "-" "PostmanRuntime/7.26.8"
::1 - - [14/Dec/2020:08:14:41 +0000] "POST /api/simplenims/ HTTP/1.1" 200 146 "-" "PostmanRuntime/7.26.8"
::1 - - [14/Dec/2020:08:14:46 +0000] "POST /api/simplenims/ HTTP/1.1" 200 151 "-" "PostmanRuntime/7.26.8"
::1 - - [14/Dec/2020:08:14:57 +0000] "POST /api/simplenims/ HTTP/1.1" 200 154 "-" "PostmanRuntime/7.26.8"
::1 - - [14/Dec/2020:08:15:12 +0000] "POST /api/simplenims/ HTTP/1.1" 200 154 "-" "PostmanRuntime/7.26.8"
::1 - - [14/Dec/2020:08:15:21 +0000] "POST /api/simplenims/ HTTP/1.1" 200 157 "-" "PostmanRuntime/7.26.8"
::1 - - [14/Dec/2020:08:15:32 +0000] "POST /api/simplenims/ HTTP/1.1" 200 148 "-" "PostmanRuntime/7.26.8"
::1 - - [14/Dec/2020:08:15:40 +0000] "POST /api/simplenims/ HTTP/1.1" 200 142 "-" "PostmanRuntime/7.26.8"
::1 - - [14/Dec/2020:08:15:49 +0000] "POST /api/simplenims/ HTTP/1.1" 200 146 "-" "PostmanRuntime/7.26.8"
::1 - - [14/Dec/2020:08:15:57 +0000] "POST /api/simplenims/ HTTP/1.1" 200 143 "-" "PostmanRuntime/7.26.8"
::1 - - [14/Dec/2020:08:16:07 +0000] "POST /api/simplenims/ HTTP/1.1" 200 149 "-" "PostmanRuntime/7.26.8"
::1 - - [14/Dec/2020:08:16:15 +0000] "POST /api/simplenims/ HTTP/1.1" 200 146 "-" "PostmanRuntime/7.26.8"
::1 - - [14/Dec/2020:08:16:33 +0000] "POST /api/simplenims/ HTTP/1.1" 200 147 "-" "PostmanRuntime/7.26.8"
::1 - - [14/Dec/2020:08:16:40 +0000] "POST /api/simplenims/ HTTP/1.1" 200 148 "-" "PostmanRuntime/7.26.8"
::1 - - [14/Dec/2020:08:16:49 +0000] "POST /api/simplenims/ HTTP/1.1" 200 141 "-" "PostmanRuntime/7.26.8"
::1 - - [14/Dec/2020:08:17:55 +0000] "POST /api/simplenims/ HTTP/1.1" 200 152 "-" "PostmanRuntime/7.26.8"
::1 - - [14/Dec/2020:08:18:04 +0000] "POST /api/simplenims/ HTTP/1.1" 200 147 "-" "PostmanRuntime/7.26.8"
::1 - - [14/Dec/2020:08:18:31 +0000] "POST /api/simplenims/ HTTP/1.1" 200 143 "-" "PostmanRuntime/7.26.8"
::1 - - [14/Dec/2020:08:20:09 +0000] "POST /api/simplenims/ HTTP/1.1" 200 139 "-" "PostmanRuntime/7.26.8"
::1 - - [14/Dec/2020:08:20:33 +0000] "POST /api/simplenims/ HTTP/1.1" 200 147 "-" "PostmanRuntime/7.26.8"
::1 - - [14/Dec/2020:08:21:14 +0000] "DELETE /api/simplenims/182180230 HTTP/1.1" 200 49 "-" "PostmanRuntime/7.26.8"
::1 - - [14/Dec/2020:08:21:32 +0000] "POST /api/simplenims/ HTTP/1.1" 200 146 "-" "PostmanRuntime/7.26.8"
::1 - - [14/Dec/2020:08:21:40 +0000] "POST /api/simplenims/ HTTP/1.1" 200 154 "-" "PostmanRuntime/7.26.8"
::1 - - [14/Dec/2020:08:21:50 +0000] "POST /api/simplenims/ HTTP/1.1" 200 157 "-" "PostmanRuntime/7.26.8"
::1 - - [14/Dec/2020:08:22:08 +0000] "POST /api/simplenims/ HTTP/1.1" 200 146 "-" "PostmanRuntime/7.26.8"
::1 - - [14/Dec/2020:08:22:13 +0000] "POST /api/simplenims/ HTTP/1.1" 200 155 "-" "PostmanRuntime/7.26.8"
::1 - - [14/Dec/2020:08:22:22 +0000] "POST /api/simplenims/ HTTP/1.1" 200 141 "-" "PostmanRuntime/7.26.8"
::1 - - [14/Dec/2020:08:22:31 +0000] "POST /api/simplenims/ HTTP/1.1" 200 139 "-" "PostmanRuntime/7.26.8"
::1 - - [14/Dec/2020:08:22:43 +0000] "POST /api/simplenims/ HTTP/1.1" 200 147 "-" "PostmanRuntime/7.26.8"
::1 - - [14/Dec/2020:08:22:50 +0000] "POST /api/simplenims/ HTTP/1.1" 200 156 "-" "PostmanRuntime/7.26.8"
::1 - - [14/Dec/2020:08:22:59 +0000] "POST /api/simplenims/ HTTP/1.1" 200 148 "-" "PostmanRuntime/7.26.8"
::1 - - [14/Dec/2020:08:23:30 +0000] "POST /api/simplenims/ HTTP/1.1" 200 155 "-" "PostmanRuntime/7.26.8"
::1 - - [14/Dec/2020:08:23:43 +0000] "POST /api/simplenims/ HTTP/1.1" 200 139 "-" "PostmanRuntime/7.26.8"
::1 - - [14/Dec/2020:08:23:47 +0000] "POST /api/simplenims/ HTTP/1.1" 200 152 "-" "PostmanRuntime/7.26.8"
::1 - - [14/Dec/2020:08:23:55 +0000] "POST /api/simplenims/ HTTP/1.1" 200 147 "-" "PostmanRuntime/7.26.8"
::1 - - [14/Dec/2020:08:24:02 +0000] "POST /api/simplenims/ HTTP/1.1" 200 151 "-" "PostmanRuntime/7.26.8"
::1 - - [14/Dec/2020:08:24:11 +0000] "POST /api/simplenims/ HTTP/1.1" 200 158 "-" "PostmanRuntime/7.26.8"
::1 - - [14/Dec/2020:08:24:20 +0000] "POST /api/simplenims/ HTTP/1.1" 200 148 "-" "PostmanRuntime/7.26.8"
::1 - - [14/Dec/2020:08:24:27 +0000] "POST /api/simplenims/ HTTP/1.1" 200 157 "-" "PostmanRuntime/7.26.8"
::1 - - [14/Dec/2020:08:24:37 +0000] "POST /api/simplenims/ HTTP/1.1" 200 152 "-" "PostmanRuntime/7.26.8"
::1 - - [14/Dec/2020:08:25:15 +0000] "POST /api/simplenims/ HTTP/1.1" 200 148 "-" "PostmanRuntime/7.26.8"
::1 - - [14/Dec/2020:08:25:22 +0000] "POST /api/simplenims/ HTTP/1.1" 200 148 "-" "PostmanRuntime/7.26.8"
::1 - - [14/Dec/2020:08:25:43 +0000] "POST /api/simplenims/ HTTP/1.1" 200 143 "-" "PostmanRuntime/7.26.8"
::1 - - [14/Dec/2020:12:25:57 +0000] "GET /google HTTP/1.1" 302 0 "-" "Mozilla/5.0 (Windows NT 10.0; Win64; x64) AppleWebKit/537.36 (KHTML, like Gecko) Chrome/87.0.4280.88 Safari/537.36"
